Copyright 1986-2021 Xilinx, Inc. All Rights Reserved.
-----------------------------------------------------------------------------------------------------------------------------
| Tool Version : Vivado v.2020.2.2 (lin64) Build 3118627 Tue Feb  9 05:13:49 MST 2021
| Date         : Tue Mar 22 18:36:37 2022
| Host         : diff.fe.up.pt running 64-bit CentOS Linux release 7.9.2009 (Core)
| Command      : report_utilization -file design_1_wrapper_utilization_placed.rpt -pb design_1_wrapper_utilization_placed.pb
| Design       : design_1_wrapper
| Device       : xczu3egsbva484-1
| Design State : Fully Placed
-----------------------------------------------------------------------------------------------------------------------------

Utilization Design Information

Table of Contents
-----------------
1. CLB Logic
1.1 Summary of Registers by Type
2. CLB Logic Distribution
3. BLOCKRAM
4. ARITHMETIC
5. I/O
6. CLOCK
7. ADVANCED
8. CONFIGURATION
9. Primitives
10. Black Boxes
11. Instantiated Netlists

1. CLB Logic
------------

+----------------------------+-------+-------+-----------+-------+
|          Site Type         |  Used | Fixed | Available | Util% |
+----------------------------+-------+-------+-----------+-------+
| CLB LUTs                   | 43933 |     0 |     70560 | 62.26 |
|   LUT as Logic             | 23357 |     0 |     70560 | 33.10 |
|   LUT as Memory            | 20576 |     0 |     28800 | 71.44 |
|     LUT as Distributed RAM |  8938 |     0 |           |       |
|     LUT as Shift Register  | 11638 |     0 |           |       |
| CLB Registers              | 38379 |     0 |    141120 | 27.20 |
|   Register as Flip Flop    | 38379 |     0 |    141120 | 27.20 |
|   Register as Latch        |     0 |     0 |    141120 |  0.00 |
| CARRY8                     |   913 |     0 |      8820 | 10.35 |
| F7 Muxes                   |  4106 |     0 |     35280 | 11.64 |
| F8 Muxes                   |     0 |     0 |     17640 |  0.00 |
| F9 Muxes                   |     0 |     0 |      8820 |  0.00 |
+----------------------------+-------+-------+-----------+-------+


1.1 Summary of Registers by Type
--------------------------------

+-------+--------------+-------------+--------------+
| Total | Clock Enable | Synchronous | Asynchronous |
+-------+--------------+-------------+--------------+
| 0     |            _ |           - |            - |
| 0     |            _ |           - |          Set |
| 0     |            _ |           - |        Reset |
| 0     |            _ |         Set |            - |
| 0     |            _ |       Reset |            - |
| 0     |          Yes |           - |            - |
| 107   |          Yes |           - |          Set |
| 367   |          Yes |           - |        Reset |
| 282   |          Yes |         Set |            - |
| 37623 |          Yes |       Reset |            - |
+-------+--------------+-------------+--------------+


2. CLB Logic Distribution
-------------------------

+--------------------------------------------+-------+-------+-----------+-------+
|                  Site Type                 |  Used | Fixed | Available | Util% |
+--------------------------------------------+-------+-------+-----------+-------+
| CLB                                        |  8230 |     0 |      8820 | 93.31 |
|   CLBL                                     |  4666 |     0 |           |       |
|   CLBM                                     |  3564 |     0 |           |       |
| LUT as Logic                               | 23357 |     0 |     70560 | 33.10 |
|   using O5 output only                     |   636 |       |           |       |
|   using O6 output only                     | 14303 |       |           |       |
|   using O5 and O6                          |  8418 |       |           |       |
| LUT as Memory                              | 20576 |     0 |     28800 | 71.44 |
|   LUT as Distributed RAM                   |  8938 |     0 |           |       |
|     using O5 output only                   |     0 |       |           |       |
|     using O6 output only                   |  8194 |       |           |       |
|     using O5 and O6                        |   744 |       |           |       |
|   LUT as Shift Register                    | 11638 |     0 |           |       |
|     using O5 output only                   |     1 |       |           |       |
|     using O6 output only                   | 11365 |       |           |       |
|     using O5 and O6                        |   272 |       |           |       |
| CLB Registers                              | 38379 |     0 |    141120 | 27.20 |
|   Register driven from within the CLB      | 18097 |       |           |       |
|   Register driven from outside the CLB     | 20282 |       |           |       |
|     LUT in front of the register is unused | 13116 |       |           |       |
|     LUT in front of the register is used   |  7166 |       |           |       |
| Unique Control Sets                        |   925 |       |     17640 |  5.24 |
+--------------------------------------------+-------+-------+-----------+-------+
* * Note: Available Control Sets calculated as Slices * 2, Review the Control Sets Report for more information regarding control sets.


3. BLOCKRAM
-----------

+-------------------+------+-------+-----------+-------+
|     Site Type     | Used | Fixed | Available | Util% |
+-------------------+------+-------+-----------+-------+
| Block RAM Tile    |  8.5 |     0 |       216 |  3.94 |
|   RAMB36/FIFO*    |    8 |     0 |       216 |  3.70 |
|     RAMB36E2 only |    8 |       |           |       |
|   RAMB18          |    1 |     0 |       432 |  0.23 |
|     RAMB18E2 only |    1 |       |           |       |
+-------------------+------+-------+-----------+-------+
* Note: Each Block RAM Tile only has one FIFO logic available and therefore can accommodate only one FIFO36E2 or one FIFO18E2. However, if a FIFO18E2 occupies a Block RAM Tile, that tile can still accommodate a RAMB18E2


4. ARITHMETIC
-------------

+----------------+------+-------+-----------+-------+
|    Site Type   | Used | Fixed | Available | Util% |
+----------------+------+-------+-----------+-------+
| DSPs           |  320 |     0 |       360 | 88.89 |
|   DSP48E2 only |  320 |       |           |       |
+----------------+------+-------+-----------+-------+


5. I/O
------

+------------------+------+-------+-----------+-------+
|     Site Type    | Used | Fixed | Available | Util% |
+------------------+------+-------+-----------+-------+
| Bonded IOB       |    0 |     0 |        82 |  0.00 |
| HPIOB_M          |    0 |     0 |        26 |  0.00 |
| HPIOB_S          |    0 |     0 |        26 |  0.00 |
| HDIOB_M          |    0 |     0 |        12 |  0.00 |
| HDIOB_S          |    0 |     0 |        12 |  0.00 |
| HPIOB_SNGL       |    0 |     0 |         6 |  0.00 |
| HPIOBDIFFINBUF   |    0 |     0 |        72 |  0.00 |
| HPIOBDIFFOUTBUF  |    0 |     0 |        72 |  0.00 |
| HDIOBDIFFINBUF   |    0 |     0 |        48 |  0.00 |
| BITSLICE_CONTROL |    0 |     0 |        24 |  0.00 |
| BITSLICE_RX_TX   |    0 |     0 |       156 |  0.00 |
| BITSLICE_TX      |    0 |     0 |        24 |  0.00 |
| RIU_OR           |    0 |     0 |        12 |  0.00 |
+------------------+------+-------+-----------+-------+


6. CLOCK
--------

+----------------------+------+-------+-----------+-------+
|       Site Type      | Used | Fixed | Available | Util% |
+----------------------+------+-------+-----------+-------+
| GLOBAL CLOCK BUFFERs |    6 |     0 |       196 |  3.06 |
|   BUFGCE             |    5 |     0 |        88 |  5.68 |
|   BUFGCE_DIV         |    0 |     0 |        12 |  0.00 |
|   BUFG_PS            |    1 |     0 |        72 |  1.39 |
|   BUFGCTRL*          |    0 |     0 |        24 |  0.00 |
| PLL                  |    0 |     0 |         6 |  0.00 |
| MMCM                 |    0 |     0 |         3 |  0.00 |
+----------------------+------+-------+-----------+-------+
* Note: Each used BUFGCTRL counts as two GLOBAL CLOCK BUFFERs. This table does not include global clocking resources, only buffer cell usage. See the Clock Utilization Report (report_clock_utilization) for detailed accounting of global clocking resource availability.


7. ADVANCED
-----------

+-----------+------+-------+-----------+--------+
| Site Type | Used | Fixed | Available |  Util% |
+-----------+------+-------+-----------+--------+
| PS8       |    1 |     0 |         1 | 100.00 |
| SYSMONE4  |    0 |     0 |         1 |   0.00 |
+-----------+------+-------+-----------+--------+


8. CONFIGURATION
----------------

+-------------+------+-------+-----------+-------+
|  Site Type  | Used | Fixed | Available | Util% |
+-------------+------+-------+-----------+-------+
| BSCANE2     |    1 |     0 |         4 | 25.00 |
| DNA_PORTE2  |    0 |     0 |         1 |  0.00 |
| EFUSE_USR   |    0 |     0 |         1 |  0.00 |
| FRAME_ECCE4 |    0 |     0 |         1 |  0.00 |
| ICAPE3      |    0 |     0 |         2 |  0.00 |
| MASTER_JTAG |    0 |     0 |         1 |  0.00 |
| STARTUPE3   |    0 |     0 |         1 |  0.00 |
+-------------+------+-------+-----------+-------+


9. Primitives
-------------

+----------+-------+---------------------+
| Ref Name |  Used | Functional Category |
+----------+-------+---------------------+
| FDRE     | 37623 |            Register |
| SRLC32E  | 10385 |                 CLB |
| LUT3     |  8796 |                 CLB |
| LUT6     |  8294 |                 CLB |
| RAMD64E  |  8192 |                 CLB |
| LUT4     |  6194 |                 CLB |
| LUT5     |  4698 |                 CLB |
| MUXF7    |  4106 |                 CLB |
| LUT2     |  3415 |                 CLB |
| SRL16E   |  1523 |                 CLB |
| RAMD32   |  1304 |                 CLB |
| CARRY8   |   913 |                 CLB |
| LUT1     |   378 |                 CLB |
| FDCE     |   367 |            Register |
| DSP48E2  |   320 |          Arithmetic |
| FDSE     |   282 |            Register |
| RAMS32   |   186 |                 CLB |
| FDPE     |   107 |            Register |
| RAMB36E2 |     8 |            BLOCKRAM |
| BUFGCE   |     5 |               Clock |
| SRLC16E  |     2 |                 CLB |
| RAMB18E2 |     1 |            BLOCKRAM |
| PS8      |     1 |            Advanced |
| BUFG_PS  |     1 |               Clock |
| BSCANE2  |     1 |       Configuration |
+----------+-------+---------------------+


10. Black Boxes
---------------

+----------+------+
| Ref Name | Used |
+----------+------+


11. Instantiated Netlists
-------------------------

+------------------------------+------+
|           Ref Name           | Used |
+------------------------------+------+
| design_1_zynq_ultra_ps_e_0_1 |    1 |
| design_1_xbar_1              |    1 |
| design_1_system_ila_0_0      |    1 |
| design_1_rst_ps8_0_100M_1    |    1 |
| design_1_mmult_wrapper_0_0   |    1 |
| design_1_axi_smc_1           |    1 |
| design_1_axi_dma_0_1         |    1 |
| design_1_auto_pc_1           |    1 |
| design_1_auto_pc_0           |    1 |
| design_1_auto_ds_1           |    1 |
| design_1_auto_ds_0           |    1 |
| dbg_hub                      |    1 |
+------------------------------+------+


